<?xml version="1.0" encoding="UTF-8"?>
<testng-results ignored="0" total="1" passed="1" failed="0" skipped="0">
  <reporter-output>
  </reporter-output>
  <suite started-at="2023-09-14T19:36:49 IST" name="Default suite" finished-at="2023-09-14T19:36:55 IST" duration-ms="6102">
    <groups>
    </groups>
    <test started-at="2023-09-14T19:36:49 IST" name="Default test" finished-at="2023-09-14T19:36:55 IST" duration-ms="6102">
      <class name="Master.WholeForm">
        <test-method signature="WholeForm()[pri:0, instance:Master.WholeForm@4135c3b]" started-at="2023-09-14T19:36:49 IST" name="WholeForm" finished-at="2023-09-14T19:36:55 IST" duration-ms="6060" status="PASS">
          <reporter-output>
          </reporter-output>
        </test-method> <!-- WholeForm -->
      </class> <!-- Master.WholeForm -->
    </test> <!-- Default test -->
  </suite> <!-- Default suite -->
</testng-results>
